16.06.2011 11:52:32 DK Report Engine запущен на HUDRO
0000619.fzf
17.06.2011 11:52:49 DK Report Engine закрыт на HUDRO
20.06.2011 16:46:48 DK Report Engine запущен на HUDRO
21.06.2011 3:28:05(getinv) Не могу получить список файлов из папки dk099
21.06.2011 3:28:05(getinv) Не могу получить список файлов из папки dk099
21.06.2011 3:28:05(GetZayavNomenkl) Не могу получить список файлов из папки dk099
21.06.2011 15:34:18 DK Report Engine ВЫКЛЮЧЕН на HUDRO
21.06.2011 15:34:20 DK Report Engine закрыт на HUDRO
21.06.2011 15:34:33 DK Report Engine запущен на HUDRO
21.06.2011 15:40:18 DK Report Engine ВЫКЛЮЧЕН на HUDRO
21.06.2011 15:40:19 DK Report Engine закрыт на HUDRO
21.06.2011 16:09:44 DK Report Engine запущен на HUDRO
22.06.2011 14:22:39 DK Report Engine ВЫКЛЮЧЕН на HUDRO
22.06.2011 14:22:41 DK Report Engine закрыт на HUDRO
24.06.2011 9:35:21 DK Report Engine запущен на HUDRO
24.06.2011 12:00:39 ZayavkaToFTP: Не могу открыть БД jurnal_zayavok.dbf
24.06.2011 12:00:50 ZayavkaToFTP: Не могу открыть БД jurnal_zayavok.dbf
24.06.2011 12:00:57 DK Report Engine ВЫКЛЮЧЕН на HUDRO
24.06.2011 12:00:59 DK Report Engine закрыт на HUDRO
24.06.2011 12:01:21 DK Report Engine запущен на HUDRO
24.06.2011 12:41:33 ZayavkaToFTP: Не могу открыть БД jurnal_zayavok.dbf
24.06.2011 12:41:44 ZayavkaToFTP: Не могу открыть БД jurnal_zayavok.dbf
24.06.2011 12:41:55 ZayavkaToFTP: Не могу открыть БД jurnal_zayavok.dbf
24.06.2011 12:42:06 ZayavkaToFTP: Не могу открыть БД jurnal_zayavok.dbf
24.06.2011 12:42:17 ZayavkaToFTP: Не могу открыть БД jurnal_zayavok.dbf
24.06.2011 12:42:30 ZayavkaToFTP: Не могу открыть БД jurnal_zayavok.dbf
24.06.2011 12:42:41 ZayavkaToFTP: Не могу открыть БД jurnal_zayavok.dbf
24.06.2011 12:42:52 ZayavkaToFTP: Не могу открыть БД jurnal_zayavok.dbf
24.06.2011 12:43:03 ZayavkaToFTP: Не могу открыть БД jurnal_zayavok.dbf
24.06.2011 12:43:14 ZayavkaToFTP: Не могу открыть БД jurnal_zayavok.dbf
24.06.2011 12:43:25 ZayavkaToFTP: Не могу открыть БД jurnal_zayavok.dbf
24.06.2011 12:43:36 ZayavkaToFTP: Не могу открыть БД jurnal_zayavok.dbf
24.06.2011 12:43:47 ZayavkaToFTP: Не могу открыть БД jurnal_zayavok.dbf
24.06.2011 12:43:58 ZayavkaToFTP: Не могу открыть БД jurnal_zayavok.dbf
24.06.2011 12:44:09 ZayavkaToFTP: Не могу открыть БД jurnal_zayavok.dbf
24.06.2011 12:44:20 ZayavkaToFTP: Не могу открыть БД jurnal_zayavok.dbf
24.06.2011 12:44:33 ZayavkaToFTP: Не могу открыть БД jurnal_zayavok.dbf
24.06.2011 12:44:44 ZayavkaToFTP: Не могу открыть БД jurnal_zayavok.dbf
24.06.2011 12:44:55 ZayavkaToFTP: Не могу открыть БД jurnal_zayavok.dbf
24.06.2011 12:45:06 ZayavkaToFTP: Не могу открыть БД jurnal_zayavok.dbf
24.06.2011 12:45:17 ZayavkaToFTP: Не могу открыть БД jurnal_zayavok.dbf
24.06.2011 12:45:28 ZayavkaToFTP: Не могу открыть БД jurnal_zayavok.dbf
24.06.2011 12:45:39 ZayavkaToFTP: Не могу открыть БД jurnal_zayavok.dbf
24.06.2011 12:45:50 ZayavkaToFTP: Не могу открыть БД jurnal_zayavok.dbf
24.06.2011 12:46:01 ZayavkaToFTP: Не могу открыть БД jurnal_zayavok.dbf
24.06.2011 12:46:12 ZayavkaToFTP: Не могу открыть БД jurnal_zayavok.dbf
24.06.2011 12:46:23 ZayavkaToFTP: Не могу открыть БД jurnal_zayavok.dbf
24.06.2011 12:46:36 ZayavkaToFTP: Не могу открыть БД jurnal_zayavok.dbf
24.06.2011 12:46:47 ZayavkaToFTP: Не могу открыть БД jurnal_zayavok.dbf
24.06.2011 12:46:58 ZayavkaToFTP: Не могу открыть БД jurnal_zayavok.dbf
24.06.2011 12:47:09 ZayavkaToFTP: Не могу открыть БД jurnal_zayavok.dbf
24.06.2011 12:47:20 ZayavkaToFTP: Не могу открыть БД jurnal_zayavok.dbf
24.06.2011 12:47:31 ZayavkaToFTP: Не могу открыть БД jurnal_zayavok.dbf
24.06.2011 12:47:42 ZayavkaToFTP: Не могу открыть БД jurnal_zayavok.dbf
24.06.2011 12:47:53 ZayavkaToFTP: Не могу открыть БД jurnal_zayavok.dbf
24.06.2011 12:48:04 ZayavkaToFTP: Не могу открыть БД jurnal_zayavok.dbf
24.06.2011 12:48:15 ZayavkaToFTP: Не могу открыть БД jurnal_zayavok.dbf
24.06.2011 12:48:26 ZayavkaToFTP: Не могу открыть БД jurnal_zayavok.dbf
24.06.2011 12:48:39 ZayavkaToFTP: Не могу открыть БД jurnal_zayavok.dbf
24.06.2011 12:48:50 ZayavkaToFTP: Не могу открыть БД jurnal_zayavok.dbf
24.06.2011 12:49:01 ZayavkaToFTP: Не могу открыть БД jurnal_zayavok.dbf
24.06.2011 12:49:12 ZayavkaToFTP: Не могу открыть БД jurnal_zayavok.dbf
24.06.2011 12:49:23 ZayavkaToFTP: Не могу открыть БД jurnal_zayavok.dbf
24.06.2011 12:49:34 ZayavkaToFTP: Не могу открыть БД jurnal_zayavok.dbf
24.06.2011 12:49:45 ZayavkaToFTP: Не могу открыть БД jurnal_zayavok.dbf
24.06.2011 12:49:56 ZayavkaToFTP: Не могу открыть БД jurnal_zayavok.dbf
24.06.2011 12:53:41 DK Report Engine ВЫКЛЮЧЕН на HUDRO
24.06.2011 12:53:43 DK Report Engine закрыт на HUDRO
24.06.2011 14:02:05 DK Report Engine запущен на HUDRO
24.06.2011 16:25:53(GetZayavNomenkl) Не могу получить список файлов из папки dk099
25.06.2011 14:02:13 DK Report Engine закрыт на HUDRO
25.06.2011 14:02:19 DK Report Engine запущен на HUDRO
26.06.2011 14:02:35 DK Report Engine закрыт на HUDRO
26.06.2011 14:02:42 DK Report Engine запущен на HUDRO
27.06.2011 14:02:57 DK Report Engine закрыт на HUDRO
27.06.2011 14:03:03 DK Report Engine запущен на HUDRO
28.06.2011 14:03:20 DK Report Engine закрыт на HUDRO
28.06.2011 14:03:26 DK Report Engine запущен на HUDRO
29.06.2011 14:03:43 DK Report Engine закрыт на HUDRO
29.06.2011 14:03:50 DK Report Engine запущен на HUDRO
30.06.2011 10:01:30 Не могу получить список файлов из папки dir1
30.06.2011 10:01:30(getinv) Не могу получить список файлов из папки dk099
30.06.2011 10:01:30(getinv) Не могу получить список файлов из папки dk099
30.06.2011 10:01:30(getinv) Не могу получить список файлов из папки dk099
30.06.2011 10:01:30(GetZayavNomenkl) Не могу получить список файлов из папки dk099
30.06.2011 14:03:57 DK Report Engine закрыт на HUDRO
30.06.2011 14:04:03 DK Report Engine запущен на HUDRO
01.07.2011 14:04:17 DK Report Engine закрыт на HUDRO
01.07.2011 14:04:23 DK Report Engine запущен на HUDRO
02.07.2011 14:04:36 DK Report Engine закрыт на HUDRO
02.07.2011 14:04:43 DK Report Engine запущен на HUDRO
03.07.2011 14:04:56 DK Report Engine закрыт на HUDRO
03.07.2011 14:05:02 DK Report Engine запущен на HUDRO
04.07.2011 14:05:09 DK Report Engine закрыт на HUDRO
01.03.2012 13:58:01 DK Report Engine запущен на HUDRO
01.03.2012 13:58:03 Отправил файл отчета t0200041.fd
01.03.2012 13:58:15 Отправил файл отчета t0200041.fd
01.03.2012 13:58:26 Отправил файл отчета t0200041.fd
01.03.2012 13:58:37 Отправил файл отчета t0200041.fd
01.03.2012 17:59:27(getinv) Не могу получить список файлов из папки dk099
01.03.2012 17:59:27(getinv) Не могу получить список файлов из папки dk099
01.03.2012 17:59:27(getinv) Не могу получить список файлов из папки dk099
01.03.2012 17:59:27(GetZayavNomenkl) Не могу получить список файлов из папки dk099
02.03.2012 4:21:26(getinv) Не могу получить список файлов из папки dk099
02.03.2012 4:21:26(getinv) Не могу получить список файлов из папки dk099
02.03.2012 4:21:26(GetZayavNomenkl) Не могу получить список файлов из папки dk099
02.03.2012 8:22:27 DK Report Engine закрыт на HUDRO
11.03.2012 10:38:21 DK Report Engine запущен на HUDRO
11.03.2012 10:38:27 DK Report Engine ВЫКЛЮЧЕН на HUDRO
11.03.2012 10:38:28 DK Report Engine закрыт на HUDRO
11.03.2012 11:41:52 DK Report Engine запущен на HUDRO
11.03.2012 14:02:51 Не могу получить список файлов из папки dir1
11.03.2012 14:02:51(getinv) Не могу получить список файлов из папки dk099
11.03.2012 14:02:51(getinv) Не могу получить список файлов из папки dk099
11.03.2012 14:02:51(getinv) Не могу получить список файлов из папки dk099
11.03.2012 14:02:51(GetZayavNomenkl) Не могу получить список файлов из папки dk099
12.03.2012 8:05:45(GetZayavNomenkl) Не могу получить список файлов из папки dk099
12.03.2012 8:38:35(getinv) Не могу получить список файлов из папки dk099
12.03.2012 8:38:35(getinv) Не могу получить список файлов из папки dk099
12.03.2012 8:38:35(GetZayavNomenkl) Не могу получить список файлов из папки dk099
12.03.2012 9:09:22 Не могу получить список файлов из папки dir1
12.03.2012 9:09:22(getinv) Не могу получить список файлов из папки dk099
12.03.2012 9:09:22(getinv) Не могу получить список файлов из папки dk099
12.03.2012 9:09:22(getinv) Не могу получить список файлов из папки dk099
12.03.2012 9:09:22(GetZayavNomenkl) Не могу получить список файлов из папки dk099
12.03.2012 10:00:41(getinv) Не могу получить список файлов из папки dk099
12.03.2012 10:00:41(getinv) Не могу получить список файлов из папки dk099
12.03.2012 10:00:41(getinv) Не могу получить список файлов из папки dk099
12.03.2012 10:00:41(GetZayavNomenkl) Не могу получить список файлов из папки dk099
12.03.2012 11:42:07 DK Report Engine закрыт на HUDRO
12.03.2012 11:42:13 DK Report Engine запущен на HUDRO
12.03.2012 12:17:09 Не могу получить список файлов из папки dir1
12.03.2012 12:17:09(getinv) Не могу получить список файлов из папки dk099
12.03.2012 12:17:09(getinv) Не могу получить список файлов из папки dk099
12.03.2012 12:17:09(getinv) Не могу получить список файлов из папки dk099
12.03.2012 12:17:09(GetZayavNomenkl) Не могу получить список файлов из папки dk099
12.03.2012 13:24:53(getinv) Не могу получить список файлов из папки dk099
12.03.2012 13:24:53(getinv) Не могу получить список файлов из папки dk099
12.03.2012 13:24:53(GetZayavNomenkl) Не могу получить список файлов из папки dk099
12.03.2012 15:26:18(GetZayavNomenkl) Не могу получить список файлов из папки dk099
12.03.2012 16:23:57 DK Report Engine закрыт на HUDRO
27.03.2012 13:47:22 DK Report Engine запущен на HUDRO
27.03.2012 13:47:30 DK Report Engine ВЫКЛЮЧЕН на HUDRO
27.03.2012 13:47:32 DK Report Engine закрыт на HUDRO
28.03.2012 12:38:10 DK Report Engine запущен на HUDRO
28.03.2012 13:35:47 Не могу получить список файлов из папки dir1
28.03.2012 13:35:47(getinv) Не могу получить список файлов из папки dk099
28.03.2012 13:35:47(getinv) Не могу получить список файлов из папки dk099
28.03.2012 13:35:47(getinv) Не могу получить список файлов из папки dk099
28.03.2012 13:35:47(GetZayavNomenkl) Не могу получить список файлов из папки dk099
28.03.2012 18:10:00(getinv) Не могу получить список файлов из папки dk099
28.03.2012 18:10:00(getinv) Не могу получить список файлов из папки dk099
28.03.2012 18:10:00(getinv) Не могу получить список файлов из папки dk099
28.03.2012 18:10:00(GetZayavNomenkl) Не могу получить список файлов из папки dk099
28.03.2012 22:04:03 Не могу получить список файлов из папки dir1
28.03.2012 22:04:03(getinv) Не могу получить список файлов из папки dk099
28.03.2012 22:04:03(getinv) Не могу получить список файлов из папки dk099
28.03.2012 22:04:03(getinv) Не могу получить список файлов из папки dk099
28.03.2012 22:04:03(GetZayavNomenkl) Не могу получить список файлов из папки dk099
28.03.2012 22:51:17(GetZayavNomenkl) Не могу получить список файлов из папки dk099
29.03.2012 0:03:10(getinv) Не могу получить список файлов из папки dk099
29.03.2012 0:03:10(getinv) Не могу получить список файлов из папки dk099
29.03.2012 0:03:10(GetZayavNomenkl) Не могу получить список файлов из папки dk099
29.03.2012 3:49:05 Не могу получить список файлов из папки dir1
29.03.2012 3:49:05(getinv) Не могу получить список файлов из папки dk099
29.03.2012 3:49:05(getinv) Не могу получить список файлов из папки dk099
29.03.2012 3:49:05(getinv) Не могу получить список файлов из папки dk099
29.03.2012 3:49:05(GetZayavNomenkl) Не могу получить список файлов из папки dk099
29.03.2012 4:21:56(getinv) Не могу получить список файлов из папки dk099
29.03.2012 4:21:56(getinv) Не могу получить список файлов из папки dk099
29.03.2012 4:21:56(getinv) Не могу получить список файлов из папки dk099
29.03.2012 4:21:56(GetZayavNomenkl) Не могу получить список файлов из папки dk099
29.03.2012 4:52:44(getinv) Не могу получить список файлов из папки dk099
29.03.2012 4:52:44(GetZayavNomenkl) Не могу получить список файлов из папки dk099
29.03.2012 8:28:59(getinv) Не могу получить список файлов из папки dk099
29.03.2012 8:28:59(getinv) Не могу получить список файлов из папки dk099
29.03.2012 8:28:59(getinv) Не могу получить список файлов из папки dk099
29.03.2012 8:28:59(GetZayavNomenkl) Не могу получить список файлов из папки dk099
29.03.2012 9:59:24(getinv) Не могу получить список файлов из папки dk099
29.03.2012 9:59:24(GetZayavNomenkl) Не могу получить список файлов из папки dk099
29.03.2012 11:17:33(getinv) Не могу получить список файлов из папки dk099
29.03.2012 11:17:33(getinv) Не могу получить список файлов из папки dk099
29.03.2012 11:17:33(GetZayavNomenkl) Не могу получить список файлов из папки dk099
29.03.2012 12:35:44(getinv) Не могу получить список файлов из папки dk099
29.03.2012 12:35:44(getinv) Не могу получить список файлов из папки dk099
29.03.2012 12:35:44(getinv) Не могу получить список файлов из папки dk099
29.03.2012 12:35:44(GetZayavNomenkl) Не могу получить список файлов из папки dk099
29.03.2012 12:38:26 DK Report Engine закрыт на HUDRO
29.03.2012 12:38:33 DK Report Engine запущен на HUDRO
29.03.2012 14:33:50 Не могу получить список файлов из папки dir1
29.03.2012 14:33:50(getinv) Не могу получить список файлов из папки dk099
29.03.2012 14:33:50(getinv) Не могу получить список файлов из папки dk099
29.03.2012 14:33:50(getinv) Не могу получить список файлов из папки dk099
29.03.2012 14:33:50(GetZayavNomenkl) Не могу получить список файлов из папки dk099
29.03.2012 16:00:33(GetZayavNomenkl) Не могу получить список файлов из папки dk099
29.03.2012 16:49:57 Не могу получить список файлов из папки dir1
29.03.2012 16:49:57(getinv) Не могу получить список файлов из папки dk099
29.03.2012 16:49:57(getinv) Не могу получить список файлов из папки dk099
29.03.2012 16:49:57(getinv) Не могу получить список файлов из папки dk099
29.03.2012 16:49:57(GetZayavNomenkl) Не могу получить список файлов из папки dk099
29.03.2012 18:59:40(getinv) Не могу получить список файлов из папки dk099
29.03.2012 18:59:40(getinv) Не могу получить список файлов из папки dk099
29.03.2012 18:59:40(GetZayavNomenkl) Не могу получить список файлов из папки dk099
30.03.2012 1:27:24(getinv) Не могу получить список файлов из папки dk099
30.03.2012 1:27:24(GetZayavNomenkl) Не могу получить список файлов из папки dk099
30.03.2012 4:10:46(getinv) Не могу получить список файлов из папки dk099
30.03.2012 4:10:46(GetZayavNomenkl) Не могу получить список файлов из папки dk099
30.03.2012 5:58:52(getinv) Не могу получить список файлов из папки dk099
30.03.2012 5:58:52(GetZayavNomenkl) Не могу получить список файлов из папки dk099
30.03.2012 12:38:42 DK Report Engine закрыт на HUDRO
30.03.2012 12:38:48 DK Report Engine запущен на HUDRO
30.03.2012 15:37:16(getinv) Не могу получить список файлов из папки dk099
30.03.2012 15:37:16(getinv) Не могу получить список файлов из папки dk099
30.03.2012 15:37:16(GetZayavNomenkl) Не могу получить список файлов из папки dk099
30.03.2012 16:46:50(getinv) Не могу получить список файлов из папки dk099
30.03.2012 16:46:50(GetZayavNomenkl) Не могу получить список файлов из папки dk099
30.03.2012 17:15:51 Не могу получить список файлов из папки dir1
30.03.2012 17:15:51(getinv) Не могу получить список файлов из папки dk099
30.03.2012 17:15:51(getinv) Не могу получить список файлов из папки dk099
30.03.2012 17:15:51(getinv) Не могу получить список файлов из папки dk099
30.03.2012 17:15:51(GetZayavNomenkl) Не могу получить список файлов из папки dk099
30.03.2012 17:44:43(getinv) Не могу получить список файлов из папки dk099
30.03.2012 17:44:43(getinv) Не могу получить список файлов из папки dk099
30.03.2012 17:44:43(getinv) Не могу получить список13.06.2012 17:39:28 DK Report Engine запущен на HUDRO
14.06.2012 17:39:43 DK Report Engine закрыт на HUDRO
14.06.2012 17:39:49 DK Report Engine запущен на HUDRO
14.06.2012 22:27:26(getinv) Не могу получить список файлов из папки dk099
14.06.2012 22:27:26(getinv) Не могу получить список файлов из папки dk099
14.06.2012 22:27:26(getinv) Не могу получить список17.06.2011 13:03:24 DK Report Engine запущен на HUDRO
25.06.2012 13:11:29 DK Report Engine закрыт на HUDRO
25.06.2012 13:11:32 DK Report Engine запущен на HUDRO
26.06.2012 13:11:40 DK Report Engine закрыт на HUDRO
26.06.2012 13:11:46 DK Report Engine запущен на HUDRO
27.06.2012 13:12:00 DK Report Engine закрыт на HUDRO
